<?xml version="1.0" encoding="UTF-8"?>
<!-- Generated by org.testng.reporters.JUnitXMLReporter -->
<testsuite ignored="1" hostname="Invictus" failures="0" tests="6" name="EdgeTest(failed)" time="72.935" errors="0" timestamp="2022-03-03T12:20:42 IST">
  <testcase classname="test.VerifyApplicationHeader" name="verifyTasksTab" time="6.314"/>
  <testcase classname="test.VerifyApplicationHeader" name="verifyReportTab" time="1.437"/>
  <testcase classname="test.VerifyApplicationHeader" name="verifyUserTab" time="4.552"/>
  <testcase classname="test.VerifyApplicationHeader" name="verifyWorkScheduleTab" time="1.075"/>
  <testcase classname="test.VerifyApplicationHeader" name="verifyWorkScheduleTab" time="0.784"/>
  <testcase classname="test.VerifyApplicationHeader" name="verifyWorkScheduleTab" time="0.512"/>
  <testcase classname="test.VerifyApplicationHeader" name="verifyTimeTrackTab" time="0.0">
    <ignored/>
  </testcase> <!-- verifyTimeTrackTab -->
</testsuite> <!-- EdgeTest(failed) -->
