<?xml version="1.0" encoding="UTF-8"?>
<!-- Generated by org.testng.reporters.JUnitXMLReporter -->
<testsuite ignored="0" hostname="Invictus" failures="3" tests="7" name="ChromeTest" time="72.079" errors="0" timestamp="2022-03-10T13:32:12 IST">
  <testcase classname="test.VerifyApplicationHeader" name="verifyTimeTrackTab" time="0.579"/>
  <testcase classname="test.VerifyApplicationHeader" name="verifyTasksTab" time="2.294"/>
  <testcase classname="test.VerifyApplicationHeader" name="verifyReportTab" time="0.767"/>
  <testcase classname="test.VerifyApplicationHeader" name="verifyUserTab" time="8.934"/>
  <testcase classname="test.VerifyApplicationHeader" name="verifyWorkScheduleTab" time="0.623">
    <failure type="java.lang.AssertionError" message="null">
      <![CDATA[java.lang.AssertionError: null
at test.VerifyApplicationHeader.verifyWorkScheduleTab(VerifyApplicationHeader.java:213)
at java.base/java.util.concurrent.ThreadPoolExecutor.runWorker(ThreadPoolExecutor.java:1136)
at java.base/java.util.concurrent.ThreadPoolExecutor$Worker.run(ThreadPoolExecutor.java:635)
at java.base/java.lang.Thread.run(Thread.java:833)
... Removed 14 stack frames]]>
    </failure>
  </testcase> <!-- verifyWorkScheduleTab -->
  <testcase classname="test.VerifyApplicationHeader" name="verifyWorkScheduleTab" time="1.172">
    <failure type="java.lang.AssertionError" message="null">
      <![CDATA[java.lang.AssertionError: null
at test.VerifyApplicationHeader.verifyWorkScheduleTab(VerifyApplicationHeader.java:213)
at java.base/java.util.concurrent.ThreadPoolExecutor.runWorker(ThreadPoolExecutor.java:1136)
at java.base/java.util.concurrent.ThreadPoolExecutor$Worker.run(ThreadPoolExecutor.java:635)
at java.base/java.lang.Thread.run(Thread.java:833)
... Removed 14 stack frames]]>
    </failure>
  </testcase> <!-- verifyWorkScheduleTab -->
  <testcase classname="test.VerifyApplicationHeader" name="verifyWorkScheduleTab" time="0.725">
    <failure type="java.lang.AssertionError" message="null">
      <![CDATA[java.lang.AssertionError: null
at test.VerifyApplicationHeader.verifyWorkScheduleTab(VerifyApplicationHeader.java:213)
at java.base/java.util.concurrent.ThreadPoolExecutor.runWorker(ThreadPoolExecutor.java:1136)
at java.base/java.util.concurrent.ThreadPoolExecutor$Worker.run(ThreadPoolExecutor.java:635)
at java.base/java.lang.Thread.run(Thread.java:833)
... Removed 14 stack frames]]>
    </failure>
  </testcase> <!-- verifyWorkScheduleTab -->
</testsuite> <!-- ChromeTest -->
