<?xml version="1.0" encoding="UTF-8"?>
<testng-results ignored="0" total="2" passed="2" failed="0" skipped="0">
  <reporter-output>
  </reporter-output>
  <suite started-at="2022-02-23T17:33:28 IST" name="RegreesionSuite" finished-at="2022-02-23T17:33:43 IST" duration-ms="15394">
    <groups>
    </groups>
    <test started-at="2022-02-23T17:33:28 IST" name="FinalRegreesionTest" finished-at="2022-02-23T17:33:43 IST" duration-ms="15394">
      <class name="test.VerifyCompleteFlow">
        <test-method is-config="true" signature="launchBrowser()[pri:0, instance:test.VerifyCompleteFlow@ea6147e]" started-at="2022-02-23T17:33:28 IST" name="launchBrowser" finished-at="2022-02-23T17:33:33 IST" duration-ms="5210" status="PASS">
          <reporter-output>
          </reporter-output>
        </test-method> <!-- launchBrowser -->
        <test-method is-config="true" signature="loginToApplication()[pri:0, instance:test.VerifyCompleteFlow@ea6147e]" started-at="2022-02-23T17:33:33 IST" name="loginToApplication" finished-at="2022-02-23T17:33:36 IST" duration-ms="2660" status="PASS">
          <reporter-output>
          </reporter-output>
        </test-method> <!-- loginToApplication -->
        <test-method signature="verifyInventoryPage()[pri:0, instance:test.VerifyCompleteFlow@ea6147e]" started-at="2022-02-23T17:33:36 IST" name="verifyInventoryPage" finished-at="2022-02-23T17:33:38 IST" duration-ms="1919" status="PASS">
          <reporter-output>
          </reporter-output>
        </test-method> <!-- verifyInventoryPage -->
        <test-method is-config="true" signature="logoutOfApplication()[pri:0, instance:test.VerifyCompleteFlow@ea6147e]" started-at="2022-02-23T17:33:38 IST" name="logoutOfApplication" finished-at="2022-02-23T17:33:38 IST" duration-ms="0" status="PASS">
          <reporter-output>
          </reporter-output>
        </test-method> <!-- logoutOfApplication -->
        <test-method is-config="true" signature="closeBrower()[pri:0, instance:test.VerifyCompleteFlow@ea6147e]" started-at="2022-02-23T17:33:38 IST" name="closeBrower" finished-at="2022-02-23T17:33:38 IST" duration-ms="368" status="PASS">
          <reporter-output>
          </reporter-output>
        </test-method> <!-- closeBrower -->
      </class> <!-- test.VerifyCompleteFlow -->
      <class name="test.VerifyLoginPage">
        <test-method is-config="true" signature="launchBrowser()[pri:0, instance:test.VerifyLoginPage@3c73951]" started-at="2022-02-23T17:33:38 IST" name="launchBrowser" finished-at="2022-02-23T17:33:40 IST" duration-ms="2418" status="PASS">
          <reporter-output>
          </reporter-output>
        </test-method> <!-- launchBrowser -->
        <test-method is-config="true" signature="loginToApplication()[pri:0, instance:test.VerifyLoginPage@3c73951]" started-at="2022-02-23T17:33:40 IST" name="loginToApplication" finished-at="2022-02-23T17:33:43 IST" duration-ms="2679" status="PASS">
          <reporter-output>
          </reporter-output>
        </test-method> <!-- loginToApplication -->
        <test-method signature="verifyInventoryPage()[pri:0, instance:test.VerifyLoginPage@3c73951]" started-at="2022-02-23T17:33:43 IST" name="verifyInventoryPage" finished-at="2022-02-23T17:33:43 IST" duration-ms="21" status="PASS">
          <reporter-output>
          </reporter-output>
        </test-method> <!-- verifyInventoryPage -->
      </class> <!-- test.VerifyLoginPage -->
    </test> <!-- FinalRegreesionTest -->
  </suite> <!-- RegreesionSuite -->
</testng-results>
